2024-11-16 16:39:36 - Játék elindult
2024-11-16 16:39:43 - Játék vége
2024-11-16 16:49:43 - Játék elindult
2024-11-16 16:52:48 - Játék elindult
2024-11-16 16:53:03 - Játék vége
2024-11-16 16:53:29 - Játék elindult
2024-11-16 16:53:38 - Játék vége
2024-11-16 17:40:21 - Játék elindult
2024-11-16 17:41:07 - Játék elindult
2024-11-16 17:41:33 - Játék elindult
2024-11-16 17:41:45 - Játék vége
2024-11-16 17:45:02 - Játék elindult
2024-11-16 18:12:54 - Játék elindult
2024-11-16 18:14:01 - Játék elindult
2024-11-16 18:14:09 - Játék vége
2024-11-16 19:03:19 - Játék elindult
2024-11-16 19:03:28 - Játék vége
2024-11-16 19:21:47 - Játék elindult
2024-11-16 19:22:00 - Játék vége
2024-11-20 16:53:01 - Játék elindult
2024-11-20 16:53:15 - Játék vége
2024-11-20 16:53:40 - Játék elindult
2024-11-20 16:54:01 - Játék vége
2024-11-25 19:22:34 - Játék elindult
2024-11-25 19:22:39 - Játékos neve: Ricsi
2024-11-25 19:22:39 - Új kör kezdődik
2024-11-25 19:22:45 - Játékos lépett az 1 oszlopba
2024-11-25 19:22:45 - Játékos nyert
2024-11-25 19:22:45 - Játék vége
2024-11-25 19:23:29 - Játék elindult
2024-11-25 19:23:43 - Játékos neve: Ricsi
2024-11-25 19:23:43 - Új kör kezdődik
2024-11-25 19:23:46 - Játékos lépett az 2 oszlopba
2024-11-25 19:23:46 - Gép lépett az 3 oszlopba
2024-11-25 19:23:46 - Új kör kezdődik
2024-11-25 19:23:50 - Játékos lépett az 2 oszlopba
2024-11-25 19:23:50 - Gép lépett az 4 oszlopba
2024-11-25 19:23:50 - Új kör kezdődik
2024-11-25 19:23:53 - Játékos lépett az 2 oszlopba
2024-11-25 19:23:53 - Gép lépett az 4 oszlopba
2024-11-25 19:23:53 - Új kör kezdődik
2024-11-25 19:23:55 - Játékos lépett az 2 oszlopba
2024-11-25 19:23:55 - Játékos nyert
2024-11-25 19:23:55 - Játék vége
2024-11-27 08:51:28 - Játék elindult
2024-11-27 08:51:31 - Játékos neve: Ricsi
2024-11-27 08:51:31 - Új kör kezdődik
2024-11-27 08:51:33 - Játékos lépett az 2 oszlopba
2024-11-27 08:51:33 - Játékos nyert
2024-11-27 08:51:33 - Játék vége
2024-11-27 08:52:16 - Játék elindult
2024-11-27 08:52:23 - Játékos neve: Conan
2024-11-27 08:52:23 - Új kör kezdődik
2024-11-27 08:52:29 - Játékos lépett az 2 oszlopba
2024-11-27 08:52:29 - Játékos nyert
2024-11-27 08:52:29 - Játék vége
2024-11-27 08:54:21 - Játék elindult
2024-11-27 08:54:26 - Játékos neve: pityu
2024-11-27 08:54:26 - Új kör kezdődik
2024-11-27 08:54:28 - Játékos lépett az 2 oszlopba
2024-11-27 08:54:28 - Gép lépett az 6 oszlopba
2024-11-27 08:54:28 - Új kör kezdődik
2024-11-27 08:54:29 - Játékos lépett az 2 oszlopba
2024-11-27 08:54:29 - Gép lépett az 7 oszlopba
2024-11-27 08:54:29 - Új kör kezdődik
2024-11-27 08:54:30 - Játékos lépett az 2 oszlopba
2024-11-27 08:54:30 - Gép lépett az 4 oszlopba
2024-11-27 08:54:30 - Új kör kezdődik
2024-11-27 08:54:31 - Játékos lépett az 2 oszlopba
2024-11-27 08:54:31 - Játékos nyert
2024-11-27 08:54:31 - Játék vége
2024-11-27 08:56:04 - Játék elindult
2024-11-27 08:56:08 - Játékos neve: Selena
2024-11-27 08:56:08 - Új kör kezdődik
2024-11-27 08:56:10 - Játékos lépett az 6 oszlopba
2024-11-27 08:56:10 - Gép lépett az 2 oszlopba
2024-11-27 08:56:10 - Új kör kezdődik
2024-11-27 08:56:11 - Játékos lépett az 6 oszlopba
2024-11-27 08:56:11 - Gép lépett az 2 oszlopba
2024-11-27 08:56:11 - Új kör kezdődik
2024-11-27 08:56:12 - Játékos lépett az 6 oszlopba
2024-11-27 08:56:12 - Gép lépett az 6 oszlopba
2024-11-27 08:56:12 - Új kör kezdődik
2024-11-27 08:56:14 - Érvénytelen lépést tett a játékos az 9 oszlopba
2024-11-27 08:56:14 - Új kör kezdődik
2024-11-27 08:56:20 - Játékos lépett az 7 oszlopba
2024-11-27 08:56:20 - Gép lépett az 7 oszlopba
2024-11-27 08:56:20 - Új kör kezdődik
2024-11-27 08:56:22 - Játékos lépett az 7 oszlopba
2024-11-27 08:56:22 - Gép lépett az 3 oszlopba
2024-11-27 08:56:22 - Új kör kezdődik
2024-11-27 08:56:23 - Játékos lépett az 7 oszlopba
2024-11-27 08:56:23 - Gép lépett az 3 oszlopba
2024-11-27 08:56:23 - Új kör kezdődik
2024-11-27 08:56:24 - Játékos lépett az 5 oszlopba
2024-11-27 08:56:24 - Gép lépett az 3 oszlopba
2024-11-27 08:56:24 - Új kör kezdődik
2024-11-27 08:56:25 - Játékos lépett az 6 oszlopba
2024-11-27 08:56:25 - Gép lépett az 5 oszlopba
2024-11-27 08:56:25 - Új kör kezdődik
2024-11-27 08:56:27 - Játékos lépett az 5 oszlopba
2024-11-27 08:56:27 - Gép lépett az 4 oszlopba
2024-11-27 08:56:27 - Új kör kezdődik
2024-11-27 08:56:29 - Játékos lépett az 4 oszlopba
2024-11-27 08:56:29 - Gép lépett az 4 oszlopba
2024-11-27 08:56:29 - Új kör kezdődik
2024-11-27 08:56:30 - Játékos lépett az 4 oszlopba
2024-11-27 08:56:30 - Játékos nyert
2024-11-27 08:56:30 - Játék vége
2024-11-27 09:06:13 - Játék elindult
2024-11-27 09:06:17 - Játékos neve: poo
2024-11-27 09:06:17 - Új kör kezdődik
2024-11-27 09:06:19 - Játékos lépett az 2 oszlopba
2024-11-27 09:06:19 - Gép lépett az 4 oszlopba
2024-11-27 09:06:19 - Új kör kezdődik
2024-11-27 09:06:20 - Játékos lépett az 2 oszlopba
2024-11-27 09:06:20 - Gép lépett az 3 oszlopba
2024-11-27 09:06:20 - Új kör kezdődik
2024-11-27 09:06:20 - Játékos lépett az 2 oszlopba
2024-11-27 09:06:20 - Gép lépett az 5 oszlopba
2024-11-27 09:06:20 - Új kör kezdődik
2024-11-27 09:06:21 - Játékos lépett az 2 oszlopba
2024-11-27 09:06:21 - Játékos nyert
2024-11-27 09:06:21 - Játék vége
2024-11-27 09:22:00 - Játék elindult
2024-11-27 09:22:03 - Játékos neve: Jóska
2024-11-27 09:22:03 - Új kör kezdődik
2024-11-27 09:22:05 - Játékos lépett az 2 oszlopba
2024-11-27 09:22:05 - Gép lépett az 5 oszlopba
2024-11-27 09:22:05 - Új kör kezdődik
2024-11-27 09:22:06 - Játékos lépett az 2 oszlopba
2024-11-27 09:22:06 - Gép lépett az 5 oszlopba
2024-11-27 09:22:06 - Új kör kezdődik
2024-11-27 09:22:07 - Játékos lépett az 2 oszlopba
2024-11-27 09:22:07 - Gép lépett az 6 oszlopba
2024-11-27 09:22:07 - Új kör kezdődik
2024-11-27 09:22:08 - Játékos lépett az 2 oszlopba
2024-11-27 09:22:08 - Játékos nyert
2024-11-27 09:22:08 - Játék vége
2024-11-27 10:03:53 - Játék elindult
2024-11-27 10:07:32 - Játék elindult
2024-11-27 10:07:50 - Játék vége
2024-11-27 10:10:03 - Játék elindult
2024-11-27 10:10:14 - Játék vége
2024-11-27 10:12:36 - Játék elindult
2024-11-27 10:12:40 - Játék vége
2024-11-27 10:15:03 - Játék elindult
2024-11-27 10:15:13 - Játék vége
2024-11-27 10:15:20 - Játék elindult
2024-11-27 10:15:24 - Játék vége
2024-11-27 10:16:22 - Játék elindult
2024-11-27 10:16:30 - Játék vége
2024-11-27 10:19:07 - Játék elindult
2024-11-27 10:19:15 - Játék vége
2024-11-27 10:19:31 - Játék elindult
2024-11-27 10:19:36 - Játék vége
2024-11-27 10:19:54 - Játék elindult
2024-11-27 10:20:09 - Játék vége
2024-11-27 10:20:57 - Játék elindult
2024-11-27 10:21:05 - Játék vége
2024-11-27 10:21:38 - Játék elindult
2024-11-27 10:21:43 - Játék vége
2024-11-27 10:23:26 - Játék elindult
2024-11-27 10:23:34 - Játék vége
2024-11-27 10:23:57 - Játék elindult
2024-11-27 10:24:11 - Játék vége
2024-11-27 10:25:21 - Játék elindult
2024-11-27 10:25:33 - Játék vége
2024-11-27 10:27:13 - Játék elindult
2024-11-27 10:27:19 - Játék vége
2024-11-27 10:35:54 - Játék elindult
2024-11-27 10:35:59 - Játék vége
2024-11-27 10:42:53 - Játék elindult
2024-11-27 10:43:01 - Játék vége
2024-11-27 10:56:16 - Játék elindult
2024-11-27 10:56:23 - Játék vége
2024-11-27 11:24:35 - Játék elindult
2024-11-27 11:46:41 - Játék elindult
2024-11-27 11:47:46 - Játék elindult
2024-11-27 11:47:53 - Játék vége
2024-11-27 18:48:01 - Játék elindult
2024-11-27 19:03:26 - Játék elindult
2024-11-27 19:03:36 - Játék vége
2024-11-27 19:53:22 - Játék elindult
2024-11-27 19:53:34 - Játék vége
2024-11-27 20:01:14 - Játék elindult
2024-11-27 20:01:19 - Játék vége
2024-11-27 20:02:25 - Játék elindult
2024-11-27 20:02:32 - Játék vége
2024-11-27 20:03:21 - Játék elindult
2024-11-27 20:12:38 - Játék vége
2024-11-27 20:27:07 - Játék elindult
2024-11-27 20:27:12 - Játék vége
2024-11-27 20:28:13 - Játék elindult
2024-11-27 20:29:39 - Játék elindult
2024-11-27 20:29:45 - Játék vége
2024-11-28 14:22:21 - Játék elindult
2024-11-28 14:22:31 - Játék vége
2024-11-28 14:24:40 - Játék elindult
2024-11-28 14:24:46 - Játék vége
2024-11-28 14:27:16 - Játék elindult
2024-11-28 14:27:26 - Játék vége
2024-11-28 14:30:12 - Játék elindult
2024-11-28 14:30:20 - Játék vége
2024-11-28 14:31:57 - Játék elindult
2024-11-28 14:32:03 - Játék vége
2024-11-28 14:35:33 - Játék elindult
2024-11-28 14:37:27 - Játék elindult
2024-11-28 14:37:39 - Játék vége
2024-11-28 14:41:31 - Játék elindult
2024-11-28 14:41:40 - Játék vége
2024-11-28 14:43:53 - Játék elindult
2024-11-28 14:44:10 - Játék vége
2024-11-28 14:49:00 - Játék elindult
2024-11-28 14:49:08 - Játék vége
2024-11-28 14:54:52 - Játék elindult
2024-11-28 14:54:55 - Játék vége
2024-11-28 14:55:56 - Játék elindult
2024-11-28 14:56:08 - Játék vége
2024-11-28 15:16:17 - Játék elindult
2024-11-28 15:16:24 - Játék vége
2024-11-28 15:19:36 - Játék elindult
2024-11-28 17:28:04 - Játék elindult
2024-11-28 17:28:12 - Játék vége
2024-11-28 17:30:51 - Játék elindult
2024-11-28 17:31:24 - Játék elindult
2024-11-28 17:31:47 - Játék vége
2024-11-29 09:47:38 - Játék elindult
2024-11-29 09:47:55 - Játék vége
2024-11-29 12:18:17 - Játék elindult
2024-11-29 12:18:26 - Játék vége
2024-11-29 13:41:07 - Játék elindult
2024-11-29 13:41:15 - Játék vége
2024-11-29 13:41:36 - Játék elindult
2024-11-29 13:42:52 - Játék vége
2024-11-29 13:51:43 - Játék elindult
2024-11-29 13:51:56 - Játék vége
2024-11-29 13:59:43 - Játék elindult
2024-11-29 13:59:52 - Játék vége
2024-11-29 14:04:25 - Játék elindult
2024-11-29 14:04:58 - Játék elindult
2024-11-29 14:05:12 - Játék vége
2024-11-29 14:11:15 - Játék elindult
2024-11-29 14:12:10 - Játék elindult
2024-11-29 14:12:18 - Játék vége
2024-11-29 14:15:28 - Játék elindult
2024-11-29 14:15:36 - Játék vége
2024-11-29 14:16:42 - Játék elindult
2024-11-29 14:16:54 - Játék vége
2024-11-29 14:22:30 - Játék elindult
2024-11-29 14:22:37 - Játék vége
2024-11-29 14:24:50 - Játék elindult
2024-11-29 14:24:58 - Játék vége
2024-11-29 14:25:59 - Játék elindult
2024-11-29 14:33:37 - Játék elindult
2024-11-29 14:33:42 - Játék vége
2024-11-29 14:42:15 - Játék elindult
2024-11-29 14:42:26 - Játék vége
2024-11-29 15:15:05 - Játék elindult
2024-11-29 15:15:20 - Játék vége
2024-11-29 15:16:22 - Játék elindult
2024-11-29 15:16:50 - Játék vége
2024-11-29 15:20:48 - Játék elindult
2024-11-29 15:21:01 - Játék vége
2024-11-29 15:22:51 - Játék elindult
2024-11-29 15:24:45 - Játék elindult
2024-11-29 15:25:00 - Játék vége
2024-11-29 15:26:05 - Játék elindult
2024-11-29 15:26:14 - Játék vége
2024-11-29 15:34:09 - Játék elindult
2024-11-29 15:36:28 - Játék elindult
2024-11-29 15:36:37 - Játék vége
2024-11-29 15:37:01 - Játék elindult
2024-11-29 15:37:21 - Játék vége
2024-11-29 15:41:31 - Játék elindult
2024-11-29 15:42:03 - Játék vége
2024-11-29 15:49:36 - Játék elindult
2024-11-29 15:56:21 - Játék elindult
2024-11-29 15:56:47 - Játék vége
2024-11-29 16:09:37 - Játék elindult
2024-11-29 16:09:47 - Játék vége
2024-11-29 16:33:52 - Játék elindult
2024-11-29 16:34:12 - Játék elindult
2024-11-29 16:34:39 - Játék vége
2024-11-29 16:36:08 - Játék elindult
2024-11-29 16:36:19 - Játék vége
2024-11-29 16:36:47 - Játék elindult
2024-11-29 16:36:53 - Játék vége
2024-11-29 16:37:07 - Játék elindult
2024-11-29 16:37:21 - Játék vége
2024-11-29 16:37:36 - Játék elindult
2024-11-29 16:38:00 - Játék vége
2024-11-29 16:38:50 - Játék elindult
2024-11-29 16:43:15 - Játék elindult
2024-11-29 16:43:22 - Játék vége
2024-11-29 16:43:56 - Játék elindult
2024-11-29 16:44:20 - Játék vége
2024-11-29 16:46:07 - Játék elindult
2024-11-29 16:46:49 - Játék vége
2024-11-29 16:47:08 - Játék elindult
2024-11-29 16:47:25 - Játék elindult
2024-11-29 16:47:39 - Játék vége
2024-11-29 16:49:07 - Játék elindult
2024-11-29 16:49:36 - Játék vége
2024-11-29 18:54:22 - Játék elindult
2024-11-29 18:54:31 - Játék vége
2024-11-29 19:01:56 - Játék elindult
2024-11-29 19:02:02 - Játék vége
2024-11-29 19:02:18 - Játék elindult
2024-11-29 19:02:32 - Játék vége
2024-11-29 19:03:02 - Játék elindult
2024-11-29 19:03:14 - Játék vége
2024-11-29 19:06:38 - Játék elindult
2024-11-29 19:07:06 - Játék vége
2024-11-29 19:07:31 - Játék elindult
2024-11-29 19:07:40 - Játék vége
2024-11-29 19:08:14 - Játék elindult
2024-11-29 19:08:36 - Játék vége
2024-11-29 19:13:06 - Játék elindult
2024-11-29 19:13:41 - Játék vége
2024-11-29 19:14:04 - Játék elindult
2024-11-29 19:14:24 - Játék vége
2024-11-29 19:15:29 - Játék elindult
2024-11-29 19:15:58 - Játék vége
2024-11-29 19:16:47 - Játék elindult
2024-11-29 19:17:05 - Játék vége
2024-11-29 19:26:53 - Játék elindult
2024-11-29 19:27:01 - Játék vége
2024-11-29 19:27:22 - Játék elindult
2024-11-29 19:27:32 - Játék vége
2024-11-29 19:28:06 - Játék elindult
2024-11-29 19:28:29 - Játék vége
2024-11-29 19:34:09 - Játék elindult
2024-11-29 19:34:30 - Játék vége
2024-11-30 09:03:15 - Játék elindult
2024-11-30 09:03:21 - Játék vége
2024-11-30 09:17:28 - Játék elindult
2024-11-30 09:17:43 - Játék vége
2024-11-30 09:28:46 - Játék elindult
2024-11-30 09:28:56 - Játék vége
2024-11-30 09:32:14 - Játék elindult
2024-11-30 09:32:18 - Játék vége
2024-11-30 09:32:42 - Játék elindult
2024-11-30 09:32:58 - Játék vége
2024-11-30 09:38:16 - Játék elindult
2024-11-30 09:38:30 - Játék vége
2024-11-30 09:40:57 - Játék elindult
2024-11-30 09:41:12 - Játék vége
2024-11-30 10:58:47 - Játék elindult
2024-11-30 10:58:59 - Játék vége
2024-11-30 11:05:32 - Játék elindult
2024-11-30 11:05:42 - Játék vége
2024-11-30 11:06:26 - Játék elindult
2024-11-30 11:06:37 - Játék vége
2024-11-30 11:08:57 - Játék elindult
2024-11-30 11:09:04 - Játék vége
